<?xml version="1.0" encoding="UTF-8"?>
<!--

    Copyright 2016-2020 52Â°North Initiative for Geospatial Open Source
    Software GmbH

    Licensed under the Apache License, Version 2.0 (the "License");
    you may not use this file except in compliance with the License.
    You may obtain a copy of the License at

       http://www.apache.org/licenses/LICENSE-2.0

    Unless required by applicable law or agreed to in writing, software
    distributed under the License is distributed on an "AS IS" BASIS,
    WITHOUT WARRANTIES OR CONDITIONS OF ANY KIND, either express or implied.
    See the License for the specific language governing permissions and
    limitations under the License.

-->
<beans xmlns="http://www.springframework.org/schema/beans"
       xmlns:xsi="http://www.w3.org/2001/XMLSchema-instance"
       xmlns:util="http://www.springframework.org/schema/util"
	   xmlns:mvc="http://www.springframework.org/schema/mvc"
       xsi:schemaLocation="http://www.springframework.org/schema/beans
                           http://www.springframework.org/schema/beans/spring-beans.xsd
                           http://www.springframework.org/schema/util
                           http://www.springframework.org/schema/util/spring-util.xsd http://www.springframework.org/schema/mvc http://www.springframework.org/schema/mvc/spring-mvc.xsd">

    <bean id="testAlgo2" class="org.n52.javaps.algorithm.TestAlgorithm2"></bean>
    <bean id="testAlgoCustomId" class="org.n52.javaps.algorithm.TestAlgorithmCustomId"></bean>
    <bean id="annotatedTestAlgo" class="org.n52.javaps.algorithm.AnnotatedTestAlgorithmIdSameAsClassName"></bean>
    <bean id="annotatedTestAlgoCustomId" class="org.n52.javaps.algorithm.AnnotatedTestAlgorithmCustomId"></bean>

</beans>
